Determining if the pthread_create exist failed with the following output:
Change Dir: /home/xtong/Documents/workplace/py/exercise-2/build/CMakeFiles/CMakeTmp

Run Build Command(s):/usr/bin/gmake cmTC_aed8d/fast 
/usr/bin/gmake -f CMakeFiles/cmTC_aed8d.dir/build.make CMakeFiles/cmTC_aed8d.dir/build
gmake[1]: Entering directory '/home/xtong/Documents/workplace/py/exercise-2/build/CMakeFiles/CMakeTmp'
Building C object CMakeFiles/cmTC_aed8d.dir/CheckSymbolExists.c.o
/usr/lib64/ccache/cc    -o CMakeFiles/cmTC_aed8d.dir/CheckSymbolExists.c.o   -c /home/xtong/Documents/workplace/py/exercise-2/build/CMakeFiles/CMakeTmp/CheckSymbolExists.c
Linking C executable cmTC_aed8d
/usr/bin/cmake -E cmake_link_script CMakeFiles/cmTC_aed8d.dir/link.txt --verbose=1
/usr/lib64/ccache/cc      -rdynamic CMakeFiles/cmTC_aed8d.dir/CheckSymbolExists.c.o  -o cmTC_aed8d 
/usr/bin/ld: CMakeFiles/cmTC_aed8d.dir/CheckSymbolExists.c.o: in function `main':
CheckSymbolExists.c:(.text+0x16): undefined reference to `pthread_create'
collect2: error: ld returned 1 exit status
gmake[1]: *** [CMakeFiles/cmTC_aed8d.dir/build.make:87: cmTC_aed8d] Error 1
gmake[1]: Leaving directory '/home/xtong/Documents/workplace/py/exercise-2/build/CMakeFiles/CMakeTmp'
gmake: *** [Makefile:121: cmTC_aed8d/fast] Error 2

File /home/xtong/Documents/workplace/py/exercise-2/build/CMakeFiles/CMakeTmp/CheckSymbolExists.c:
/* */
#include <pthread.h>

int main(int argc, char** argv)
{
  (void)argv;
#ifndef pthread_create
  return ((int*)(&pthread_create))[argc];
#else
  (void)argc;
  return 0;
#endif
}

Determining if the function pthread_create exists in the pthreads failed with the following output:
Change Dir: /home/xtong/Documents/workplace/py/exercise-2/build/CMakeFiles/CMakeTmp

Run Build Command(s):/usr/bin/gmake cmTC_31a70/fast 
/usr/bin/gmake -f CMakeFiles/cmTC_31a70.dir/build.make CMakeFiles/cmTC_31a70.dir/build
gmake[1]: Entering directory '/home/xtong/Documents/workplace/py/exercise-2/build/CMakeFiles/CMakeTmp'
Building C object CMakeFiles/cmTC_31a70.dir/CheckFunctionExists.c.o
/usr/lib64/ccache/cc   -DCHECK_FUNCTION_EXISTS=pthread_create   -o CMakeFiles/cmTC_31a70.dir/CheckFunctionExists.c.o   -c /usr/share/cmake/Modules/CheckFunctionExists.c
Linking C executable cmTC_31a70
/usr/bin/cmake -E cmake_link_script CMakeFiles/cmTC_31a70.dir/link.txt --verbose=1
/usr/lib64/ccache/cc  -DCHECK_FUNCTION_EXISTS=pthread_create    -rdynamic CMakeFiles/cmTC_31a70.dir/CheckFunctionExists.c.o  -o cmTC_31a70 -lpthreads 
/usr/bin/ld: cannot find -lpthreads
collect2: error: ld returned 1 exit status
gmake[1]: *** [CMakeFiles/cmTC_31a70.dir/build.make:87: cmTC_31a70] Error 1
gmake[1]: Leaving directory '/home/xtong/Documents/workplace/py/exercise-2/build/CMakeFiles/CMakeTmp'
gmake: *** [Makefile:121: cmTC_31a70/fast] Error 2


